Totalnodes: 2
Mynode: 0
Time Taken Parallel Cyclic Reduction (in microseconds):  1812
Totalnodes: 2
Mynode: 1
Time Taken Parallel Cyclic Reduction (in microseconds):  1841
~                                                                               
~                                                                               
~                                                                               
~                                                                               
~                                                                               
~                                                                               
~                                                                               
~                                                                               
~                                                                               
~                                                                               
~                                                                               
~                                                                               
~                                                                               
~                                                                               
~                                                                               
~                                                                               
~                                                                               
"assignment3-6916665.fusion.log" 6L, 176C                     1,1           All
