Totalnodes: 4
Mynode: 0
Totalnodes: 4
Mynode: 1
Totalnodes: 4
Mynode: 2
Totalnodes: 4
Mynode: 3
Time Taken Parallel Cyclic Reduction (in microseconds):  2113
Time Taken Parallel Cyclic Reduction (in microseconds):  1856
Time Taken Parallel Cyclic Reduction (in microseconds):  1844
Time Taken Parallel Cyclic Reduction (in microseconds):  2115
~                                                                               
~                                                                               
~                                                                               
~                                                                               
~                                                                               
~                                                                               
~                                                                               
~                                                                               
~                                                                               
~                                                                               
~                                                                               
"assignment3-6916666.fusion.log" 12L, 366C                    1,1           All
