-35
-70
-104
-136
-165
-190
-210
-224
-231
-230
-220
-200
-169
-126
-70
Time Taken (in microseconds):  169
~                                                                               
~                                                                               
~                                                                               
~                                                                               
~                                                                               
~                                                                               
"assignment3-6916648.fusion.log" 17L, 141C                    1,1           All
